[0110/103004.109:ERROR:directory_reader_win.cc(43)] FindFirstFile: The system cannot find the path specified. (0x3)
[0110/130003.227:ERROR:process_memory_win.cc(73)] ReadMemory at 0x1b1546ae2f0 of 72 bytes failed: Only part of a ReadProcessMemory or WriteProcessMemory request was completed. (0x12B)
[0110/130003.235:WARNING:pe_image_annotations_reader.cc(135)] could not read annotations list object in C:\Program Files\Google\Chrome\Application\87.0.4280.88\chrome_elf.dll
[0110/130003.235:ERROR:process_memory_win.cc(73)] ReadMemory at 0x1b1546e5840 of 72 bytes failed: Only part of a ReadProcessMemory or WriteProcessMemory request was completed. (0x12B)
[0110/130003.235:WARNING:pe_image_annotations_reader.cc(135)] could not read annotations list object in C:\Program Files\Google\Chrome\Application\87.0.4280.88\chrome.dll
[0110/130003.243:ERROR:process_memory_win.cc(73)] ReadMemory at 0x1b1546ae2f0 of 72 bytes failed: Only part of a ReadProcessMemory or WriteProcessMemory request was completed. (0x12B)
[0110/130003.243:WARNING:pe_image_annotations_reader.cc(135)] could not read annotations list object in C:\Program Files\Google\Chrome\Application\87.0.4280.88\chrome_elf.dll
[0110/130003.243:ERROR:process_memory_win.cc(73)] ReadMemory at 0x1b1546e5840 of 72 bytes failed: Only part of a ReadProcessMemory or WriteProcessMemory request was completed. (0x12B)
[0110/130003.243:WARNING:pe_image_annotations_reader.cc(135)] could not read annotations list object in C:\Program Files\Google\Chrome\Application\87.0.4280.88\chrome.dll
[0110/130003.243:ERROR:process_memory_win.cc(73)] ReadMemory at 0x1b1546ae2f0 of 72 bytes failed: Only part of a ReadProcessMemory or WriteProcessMemory request was completed. (0x12B)
[0110/130003.243:WARNING:pe_image_annotations_reader.cc(135)] could not read annotations list object in C:\Program Files\Google\Chrome\Application\87.0.4280.88\chrome_elf.dll
[0110/130003.243:ERROR:process_memory_win.cc(73)] ReadMemory at 0x1b1546e5840 of 72 bytes failed: Only part of a ReadProcessMemory or WriteProcessMemory request was completed. (0x12B)
[0110/130003.243:WARNING:pe_image_annotations_reader.cc(135)] could not read annotations list object in C:\Program Files\Google\Chrome\Application\87.0.4280.88\chrome.dll
[0110/130003.267:ERROR:process_memory_win.cc(73)] ReadMemory at 0x2d061ed000 of 77824 bytes failed: Only part of a ReadProcessMemory or WriteProcessMemory request was completed. (0x12B)
[0110/130003.267:ERROR:process_memory_win.cc(73)] ReadMemory at 0x2d069fe000 of 8192 bytes failed: Only part of a ReadProcessMemory or WriteProcessMemory request was completed. (0x12B)
[0110/130003.267:ERROR:process_memory_win.cc(73)] ReadMemory at 0x2d071fa000 of 24576 bytes failed: Only part of a ReadProcessMemory or WriteProcessMemory request was completed. (0x12B)
[0110/130003.267:ERROR:process_memory_win.cc(73)] ReadMemory at 0x2d079fe000 of 8192 bytes failed: Only part of a ReadProcessMemory or WriteProcessMemory request was completed. (0x12B)
[0110/130003.267:ERROR:process_memory_win.cc(73)] ReadMemory at 0x2d081fc000 of 16384 bytes failed: Only part of a ReadProcessMemory or WriteProcessMemory request was completed. (0x12B)
[0110/130003.267:ERROR:process_memory_win.cc(73)] ReadMemory at 0x2d089fe000 of 8192 bytes failed: Only part of a ReadProcessMemory or WriteProcessMemory request was completed. (0x12B)
[0110/130003.267:ERROR:process_memory_win.cc(73)] ReadMemory at 0x2d091fd000 of 12288 bytes failed: Only part of a ReadProcessMemory or WriteProcessMemory request was completed. (0x12B)
[0110/130003.275:ERROR:process_memory_win.cc(73)] ReadMemory at 0x2d099fd000 of 12288 bytes failed: Only part of a ReadProcessMemory or WriteProcessMemory request was completed. (0x12B)
[0110/130003.275:ERROR:process_memory_win.cc(73)] ReadMemory at 0x2d0a1fd000 of 12288 bytes failed: Only part of a ReadProcessMemory or WriteProcessMemory request was completed. (0x12B)
[0110/130003.275:ERROR:process_memory_win.cc(73)] ReadMemory at 0x2d0a9fe000 of 8192 bytes failed: Only part of a ReadProcessMemory or WriteProcessMemory request was completed. (0x12B)
[0110/130003.275:ERROR:process_memory_win.cc(73)] ReadMemory at 0x2d0b1fe000 of 8192 bytes failed: Only part of a ReadProcessMemory or WriteProcessMemory request was completed. (0x12B)
[0110/130003.275:ERROR:process_memory_win.cc(73)] ReadMemory at 0x2d0b9fe000 of 8192 bytes failed: Only part of a ReadProcessMemory or WriteProcessMemory request was completed. (0x12B)
[0110/130003.275:ERROR:process_memory_win.cc(73)] ReadMemory at 0x2d0c1fe000 of 8192 bytes failed: Only part of a ReadProcessMemory or WriteProcessMemory request was completed. (0x12B)
[0110/130003.275:ERROR:process_memory_win.cc(73)] ReadMemory at 0x2d0c9fe000 of 8192 bytes failed: Only part of a ReadProcessMemory or WriteProcessMemory request was completed. (0x12B)
[0110/130003.275:ERROR:process_memory_win.cc(73)] ReadMemory at 0x2d05800000 of 6024 bytes failed: Only part of a ReadProcessMemory or WriteProcessMemory request was completed. (0x12B)
[0110/130003.275:ERROR:process_memory_win.cc(73)] ReadMemory at 0x2d05802000 of 6024 bytes failed: Only part of a ReadProcessMemory or WriteProcessMemory request was completed. (0x12B)
[0110/130003.275:ERROR:process_memory_win.cc(73)] ReadMemory at 0x2d05804000 of 6024 bytes failed: Only part of a ReadProcessMemory or WriteProcessMemory request was completed. (0x12B)
[0110/130003.275:ERROR:process_memory_win.cc(73)] ReadMemory at 0x2d05806000 of 6024 bytes failed: Only part of a ReadProcessMemory or WriteProcessMemory request was completed. (0x12B)
[0110/130003.275:ERROR:process_memory_win.cc(73)] ReadMemory at 0x2d05808000 of 6024 bytes failed: Only part of a ReadProcessMemory or WriteProcessMemory request was completed. (0x12B)
[0110/130003.275:ERROR:process_memory_win.cc(73)] ReadMemory at 0x2d0580a000 of 6024 bytes failed: Only part of a ReadProcessMemory or WriteProcessMemory request was completed. (0x12B)
[0110/130003.275:ERROR:process_memory_win.cc(73)] ReadMemory at 0x2d0580c000 of 6024 bytes failed: Only part of a ReadProcessMemory or WriteProcessMemory request was completed. (0x12B)
[0110/130003.275:ERROR:process_memory_win.cc(73)] ReadMemory at 0x2d0580e000 of 6024 bytes failed: Only part of a ReadProcessMemory or WriteProcessMemory request was completed. (0x12B)
[0110/130003.275:ERROR:process_memory_win.cc(73)] ReadMemory at 0x2d05810000 of 6024 bytes failed: Only part of a ReadProcessMemory or WriteProcessMemory request was completed. (0x12B)
[0110/130003.275:ERROR:process_memory_win.cc(73)] ReadMemory at 0x2d05812000 of 6024 bytes failed: Only part of a ReadProcessMemory or WriteProcessMemory request was completed. (0x12B)
[0110/130003.275:ERROR:process_memory_win.cc(73)] ReadMemory at 0x2d05814000 of 6024 bytes failed: Only part of a ReadProcessMemory or WriteProcessMemory request was completed. (0x12B)
[0110/130003.275:ERROR:process_memory_win.cc(73)] ReadMemory at 0x2d059f9000 of 852 bytes failed: Only part of a ReadProcessMemory or WriteProcessMemory request was completed. (0x12B)
[0110/130003.275:ERROR:process_memory_win.cc(73)] ReadMemory at 0x2d059fa000 of 6024 bytes failed: Only part of a ReadProcessMemory or WriteProcessMemory request was completed. (0x12B)
[0110/130003.275:ERROR:process_memory_win.cc(73)] ReadMemory at 0x2d059fc000 of 6024 bytes failed: Only part of a ReadProcessMemory or WriteProcessMemory request was completed. (0x12B)
[0110/130003.275:ERROR:process_memory_win.cc(73)] ReadMemory at 0x2d059fe000 of 6024 bytes failed: Only part of a ReadProcessMemory or WriteProcessMemory request was completed. (0x12B)
[0110/130003.275:ERROR:process_memory_win.cc(73)] ReadMemory at 0x1b154620dc0 of 512 bytes failed: Only part of a ReadProcessMemory or WriteProcessMemory request was completed. (0x12B)
[0110/130003.275:ERROR:process_memory_win.cc(73)] ReadMemory at 0x1b154622440 of 512 bytes failed: Only part of a ReadProcessMemory or WriteProcessMemory request was completed. (0x12B)
[0110/130003.275:ERROR:process_memory_win.cc(73)] ReadMemory at 0x1b1546a0000 of 384 bytes failed: Only part of a ReadProcessMemory or WriteProcessMemory request was completed. (0x12B)
[0110/130003.275:ERROR:process_memory_win.cc(73)] ReadMemory at 0x1b1546a0fe0 of 5512 bytes failed: Only part of a ReadProcessMemory or WriteProcessMemory request was completed. (0x12B)
[0110/130003.283:ERROR:process_memory_win.cc(73)] ReadMemory at 0x1b1546a2570 of 1012 bytes failed: Only part of a ReadProcessMemory or WriteProcessMemory request was completed. (0x12B)
[0110/130003.283:ERROR:process_memory_win.cc(73)] ReadMemory at 0x1b1546a2bb8 of 106 bytes failed: Only part of a ReadProcessMemory or WriteProcessMemory request was completed. (0x12B)
[0110/130003.283:ERROR:process_memory_win.cc(73)] ReadMemory at 0x1b1546a2c24 of 1206 bytes failed: Only part of a ReadProcessMemory or WriteProcessMemory request was completed. (0x12B)
[0110/130003.283:ERROR:process_memory_win.cc(73)] ReadMemory at 0x1b1546a30dc of 106 bytes failed: Only part of a ReadProcessMemory or WriteProcessMemory request was completed. (0x12B)
[0110/130003.283:ERROR:process_memory_win.cc(73)] ReadMemory at 0x1b1546a3148 of 100 bytes failed: Only part of a ReadProcessMemory or WriteProcessMemory request was completed. (0x12B)
[0110/130003.283:ERROR:process_memory_win.cc(73)] ReadMemory at 0x1b1546a31c0 of 58 bytes failed: Only part of a ReadProcessMemory or WriteProcessMemory request was completed. (0x12B)
[0110/130003.283:ERROR:process_memory_win.cc(73)] ReadMemory at 0x1b1546a32c0 of 132 bytes failed: Only part of a ReadProcessMemory or WriteProcessMemory request was completed. (0x12B)
[0110/130003.283:ERROR:process_memory_win.cc(73)] ReadMemory at 0x1b1546a3450 of 132 bytes failed: Only part of a ReadProcessMemory or WriteProcessMemory request was completed. (0x12B)
[0110/130003.283:ERROR:process_memory_win.cc(73)] ReadMemory at 0x1b1546a3610 of 112 bytes failed: Only part of a ReadProcessMemory or WriteProcessMemory request was completed. (0x12B)
[0110/130003.283:ERROR:process_memory_win.cc(73)] ReadMemory at 0x1b1546a3b10 of 132 bytes failed: Only part of a ReadProcessMemory or WriteProcessMemory request was completed. (0x12B)
[0110/130003.283:ERROR:process_memory_win.cc(73)] ReadMemory at 0x1b1546a3ca0 of 64 bytes failed: Only part of a ReadProcessMemory or WriteProcessMemory request was completed. (0x12B)
[0110/130003.283:ERROR:process_memory_win.cc(73)] ReadMemory at 0x1b1546a3e50 of 132 bytes failed: Only part of a ReadProcessMemory or WriteProcessMemory request was completed. (0x12B)
[0110/130003.283:ERROR:process_memory_win.cc(73)] ReadMemory at 0x1b1546a4120 of 132 bytes failed: Only part of a ReadProcessMemory or WriteProcessMemory request was completed. (0x12B)
[0110/130003.283:ERROR:process_memory_win.cc(73)] ReadMemory at 0x1b1546a42b0 of 68 bytes failed: Only part of a ReadProcessMemory or WriteProcessMemory request was completed. (0x12B)
[0110/130003.283:ERROR:process_memory_win.cc(73)] ReadMemory at 0x1b1546a5460 of 132 bytes failed: Only part of a ReadProcessMemory or WriteProcessMemory request was completed. (0x12B)
[0110/130003.283:ERROR:process_memory_win.cc(73)] ReadMemory at 0x1b1546a5590 of 140 bytes failed: Only part of a ReadProcessMemory or WriteProcessMemory request was completed. (0x12B)
[0110/130003.283:ERROR:process_memory_win.cc(73)] ReadMemory at 0x1b1546a6280 of 132 bytes failed: Only part of a ReadProcessMemory or WriteProcessMemory request was completed. (0x12B)
[0110/130003.283:ERROR:process_memory_win.cc(73)] ReadMemory at 0x1b1546a6ce0 of 62 bytes failed: Only part of a ReadProcessMemory or WriteProcessMemory request was completed. (0x12B)
[0110/130003.283:ERROR:process_memory_win.cc(73)] ReadMemory at 0x1b1546a6ed0 of 60 bytes failed: Only part of a ReadProcessMemory or WriteProcessMemory request was completed. (0x12B)
[0110/130003.283:ERROR:process_memory_win.cc(73)] ReadMemory at 0x1b1546b2790 of 80 bytes failed: Only part of a ReadProcessMemory or WriteProcessMemory request was completed. (0x12B)
[0110/130003.283:ERROR:process_memory_win.cc(73)] ReadMemory at 0x1b1546b3ff0 of 132 bytes failed: Only part of a ReadProcessMemory or WriteProcessMemory request was completed. (0x12B)
[0110/130003.283:ERROR:process_memory_win.cc(73)] ReadMemory at 0x1b1546b4240 of 132 bytes failed: Only part of a ReadProcessMemory or WriteProcessMemory request was completed. (0x12B)
[0110/130003.283:ERROR:process_memory_win.cc(73)] ReadMemory at 0x1b1546b4f90 of 132 bytes failed: Only part of a ReadProcessMemory or WriteProcessMemory request was completed. (0x12B)
[0110/130003.283:ERROR:process_memory_win.cc(73)] ReadMemory at 0x1b1546b52e0 of 132 bytes failed: Only part of a ReadProcessMemory or WriteProcessMemory request was completed. (0x12B)
[0110/130003.283:ERROR:process_memory_win.cc(73)] ReadMemory at 0x1b1546b5540 of 132 bytes failed: Only part of a ReadProcessMemory or WriteProcessMemory request was completed. (0x12B)
[0110/130003.283:ERROR:process_memory_win.cc(73)] ReadMemory at 0x1b1546b5670 of 132 bytes failed: Only part of a ReadProcessMemory or WriteProcessMemory request was completed. (0x12B)
[0110/130003.283:ERROR:process_memory_win.cc(73)] ReadMemory at 0x1b1546b57a0 of 132 bytes failed: Only part of a ReadProcessMemory or WriteProcessMemory request was completed. (0x12B)
[0110/130003.283:ERROR:process_memory_win.cc(73)] ReadMemory at 0x1b1546b58d0 of 132 bytes failed: Only part of a ReadProcessMemory or WriteProcessMemory request was completed. (0x12B)
[0110/130003.283:ERROR:process_memory_win.cc(73)] ReadMemory at 0x1b1546b5a00 of 132 bytes failed: Only part of a ReadProcessMemory or WriteProcessMemory request was completed. (0x12B)
[0110/130003.283:ERROR:process_memory_win.cc(73)] ReadMemory at 0x1b1546b5b30 of 132 bytes failed: Only part of a ReadProcessMemory or WriteProcessMemory request was completed. (0x12B)
[0110/130003.291:ERROR:process_memory_win.cc(73)] ReadMemory at 0x1b1546b5c60 of 132 bytes failed: Only part of a ReadProcessMemory or WriteProcessMemory request was completed. (0x12B)
[0110/130003.291:ERROR:process_memory_win.cc(73)] ReadMemory at 0x1b1546b5d90 of 132 bytes failed: Only part of a ReadProcessMemory or WriteProcessMemory request was completed. (0x12B)
[0110/130003.291:ERROR:process_memory_win.cc(73)] ReadMemory at 0x1b1546b5ec0 of 132 bytes failed: Only part of a ReadProcessMemory or WriteProcessMemory request was completed. (0x12B)
[0110/130003.291:ERROR:process_memory_win.cc(73)] ReadMemory at 0x1b1546b5ff0 of 132 bytes failed: Only part of a ReadProcessMemory or WriteProcessMemory request was completed. (0x12B)
[0110/130003.291:ERROR:process_memory_win.cc(73)] ReadMemory at 0x1b1546b6120 of 132 bytes failed: Only part of a ReadProcessMemory or WriteProcessMemory request was completed. (0x12B)
[0110/130003.291:ERROR:process_memory_win.cc(73)] ReadMemory at 0x1b1546b6250 of 132 bytes failed: Only part of a ReadProcessMemory or WriteProcessMemory request was completed. (0x12B)
[0110/130003.291:ERROR:process_memory_win.cc(73)] ReadMemory at 0x1b1546b6380 of 132 bytes failed: Only part of a ReadProcessMemory or WriteProcessMemory request was completed. (0x12B)
[0110/130003.291:ERROR:process_memory_win.cc(73)] ReadMemory at 0x1b1546b7270 of 62 bytes failed: Only part of a ReadProcessMemory or WriteProcessMemory request was completed. (0x12B)
[0110/130003.291:ERROR:process_memory_win.cc(73)] ReadMemory at 0x1b1546b72c0 of 62 bytes failed: Only part of a ReadProcessMemory or WriteProcessMemory request was completed. (0x12B)
[0110/130003.291:ERROR:process_memory_win.cc(73)] ReadMemory at 0x1b1546b74a0 of 62 bytes failed: Only part of a ReadProcessMemory or WriteProcessMemory request was completed. (0x12B)
[0110/130003.291:ERROR:process_memory_win.cc(73)] ReadMemory at 0x1b1546b74f0 of 60 bytes failed: Only part of a ReadProcessMemory or WriteProcessMemory request was completed. (0x12B)
[0110/130003.291:ERROR:process_memory_win.cc(73)] ReadMemory at 0x1b1546b7540 of 62 bytes failed: Only part of a ReadProcessMemory or WriteProcessMemory request was completed. (0x12B)
[0110/130003.291:ERROR:process_memory_win.cc(73)] ReadMemory at 0x1b1546b75e0 of 58 bytes failed: Only part of a ReadProcessMemory or WriteProcessMemory request was completed. (0x12B)
[0110/130003.291:ERROR:process_memory_win.cc(73)] ReadMemory at 0x1b1546b7630 of 60 bytes failed: Only part of a ReadProcessMemory or WriteProcessMemory request was completed. (0x12B)
[0110/130003.291:ERROR:process_memory_win.cc(73)] ReadMemory at 0x1b1546b76d0 of 64 bytes failed: Only part of a ReadProcessMemory or WriteProcessMemory request was completed. (0x12B)
[0110/130003.291:ERROR:process_memory_win.cc(73)] ReadMemory at 0x1b1546b7770 of 66 bytes failed: Only part of a ReadProcessMemory or WriteProcessMemory request was completed. (0x12B)
[0110/130003.291:ERROR:process_memory_win.cc(73)] ReadMemory at 0x1b1546b7860 of 62 bytes failed: Only part of a ReadProcessMemory or WriteProcessMemory request was completed. (0x12B)
[0110/130003.291:ERROR:process_memory_win.cc(73)] ReadMemory at 0x1b1546b79a0 of 62 bytes failed: Only part of a ReadProcessMemory or WriteProcessMemory request was completed. (0x12B)
[0110/130003.291:ERROR:process_memory_win.cc(73)] ReadMemory at 0x1b1546b79f0 of 64 bytes failed: Only part of a ReadProcessMemory or WriteProcessMemory request was completed. (0x12B)
[0110/130003.291:ERROR:process_memory_win.cc(73)] ReadMemory at 0x1b1546b7ae0 of 62 bytes failed: Only part of a ReadProcessMemory or WriteProcessMemory request was completed. (0x12B)
[0110/130003.291:ERROR:process_memory_win.cc(73)] ReadMemory at 0x1b1546b7b30 of 64 bytes failed: Only part of a ReadProcessMemory or WriteProcessMemory request was completed. (0x12B)
[0110/130003.291:ERROR:process_memory_win.cc(73)] ReadMemory at 0x1b1546b7e00 of 62 bytes failed: Only part of a ReadProcessMemory or WriteProcessMemory request was completed. (0x12B)
[0110/130003.291:ERROR:process_memory_win.cc(73)] ReadMemory at 0x1b1546b7e50 of 64 bytes failed: Only part of a ReadProcessMemory or WriteProcessMemory request was completed. (0x12B)
[0110/130003.291:ERROR:process_memory_win.cc(73)] ReadMemory at 0x1b1546b7f40 of 62 bytes failed: Only part of a ReadProcessMemory or WriteProcessMemory request was completed. (0x12B)
[0110/130003.291:ERROR:process_memory_win.cc(73)] ReadMemory at 0x1b1546b7f90 of 64 bytes failed: Only part of a ReadProcessMemory or WriteProcessMemory request was completed. (0x12B)
[0110/130003.291:ERROR:process_memory_win.cc(73)] ReadMemory at 0x1b1546b8030 of 60 bytes failed: Only part of a ReadProcessMemory or WriteProcessMemory request was completed. (0x12B)
[0110/130003.291:ERROR:process_memory_win.cc(73)] ReadMemory at 0x1b1546b80d0 of 64 bytes failed: Only part of a ReadProcessMemory or WriteProcessMemory request was completed. (0x12B)
[0110/130003.291:ERROR:process_memory_win.cc(73)] ReadMemory at 0x1b1546b8120 of 64 bytes failed: Only part of a ReadProcessMemory or WriteProcessMemory request was completed. (0x12B)
[0110/130003.291:ERROR:process_memory_win.cc(73)] ReadMemory at 0x1b1546b82c0 of 132 bytes failed: Only part of a ReadProcessMemory or WriteProcessMemory request was completed. (0x12B)
[0110/130003.291:ERROR:process_memory_win.cc(73)] ReadMemory at 0x1b1546ba250 of 132 bytes failed: Only part of a ReadProcessMemory or WriteProcessMemory request was completed. (0x12B)
[0110/130003.291:ERROR:process_memory_win.cc(73)] ReadMemory at 0x1b1546ba380 of 132 bytes failed: Only part of a ReadProcessMemory or WriteProcessMemory request was completed. (0x12B)
[0110/130003.291:ERROR:process_memory_win.cc(73)] ReadMemory at 0x1b1546be350 of 132 bytes failed: Only part of a ReadProcessMemory or WriteProcessMemory request was completed. (0x12B)
[0110/130003.291:ERROR:process_memory_win.cc(73)] ReadMemory at 0x1b1546c1ac0 of 132 bytes failed: Only part of a ReadProcessMemory or WriteProcessMemory request was completed. (0x12B)
[0110/130003.291:ERROR:process_memory_win.cc(73)] ReadMemory at 0x1b1546c1ce0 of 132 bytes failed: Only part of a ReadProcessMemory or WriteProcessMemory request was completed. (0x12B)
[0110/130003.291:ERROR:process_memory_win.cc(73)] ReadMemory at 0x1b1546c3470 of 132 bytes failed: Only part of a ReadProcessMemory or WriteProcessMemory request was completed. (0x12B)
[0110/130003.291:ERROR:process_memory_win.cc(73)] ReadMemory at 0x1b1546c35a0 of 132 bytes failed: Only part of a ReadProcessMemory or WriteProcessMemory request was completed. (0x12B)
[0110/130003.291:ERROR:process_memory_win.cc(73)] ReadMemory at 0x1b1546c36d0 of 132 bytes failed: Only part of a ReadProcessMemory or WriteProcessMemory request was completed. (0x12B)
[0110/130003.291:ERROR:process_memory_win.cc(73)] ReadMemory at 0x1b1546c3cc0 of 132 bytes failed: Only part of a ReadProcessMemory or WriteProcessMemory request was completed. (0x12B)
[0110/130003.291:ERROR:process_memory_win.cc(73)] ReadMemory at 0x1b1546c3df0 of 132 bytes failed: Only part of a ReadProcessMemory or WriteProcessMemory request was completed. (0x12B)
[0110/130003.291:ERROR:process_memory_win.cc(73)] ReadMemory at 0x1b1546c3f20 of 132 bytes failed: Only part of a ReadProcessMemory or WriteProcessMemory request was completed. (0x12B)
[0110/130003.291:ERROR:process_memory_win.cc(73)] ReadMemory at 0x1b1546c43e0 of 132 bytes failed: Only part of a ReadProcessMemory or WriteProcessMemory request was completed. (0x12B)
[0110/130003.291:ERROR:process_memory_win.cc(73)] ReadMemory at 0x1b1546c4640 of 132 bytes failed: Only part of a ReadProcessMemory or WriteProcessMemory request was completed. (0x12B)
[0110/130003.291:ERROR:process_memory_win.cc(73)] ReadMemory at 0x1b1546c4770 of 132 bytes failed: Only part of a ReadProcessMemory or WriteProcessMemory request was completed. (0x12B)
[0110/130003.291:ERROR:process_memory_win.cc(73)] ReadMemory at 0x1b1546c4b00 of 132 bytes failed: Only part of a ReadProcessMemory or WriteProcessMemory request was completed. (0x12B)
[0110/130003.299:ERROR:process_memory_win.cc(73)] ReadMemory at 0x1b1546c4c30 of 132 bytes failed: Only part of a ReadProcessMemory or WriteProcessMemory request was completed. (0x12B)
[0110/130003.299:ERROR:process_memory_win.cc(73)] ReadMemory at 0x1b1546c4d60 of 132 bytes failed: Only part of a ReadProcessMemory or WriteProcessMemory request was completed. (0x12B)
[0110/130003.299:ERROR:process_memory_win.cc(73)] ReadMemory at 0x1b1546c4e90 of 132 bytes failed: Only part of a ReadProcessMemory or WriteProcessMemory request was completed. (0x12B)
[0110/130003.299:ERROR:process_memory_win.cc(73)] ReadMemory at 0x1b1546c5220 of 132 bytes failed: Only part of a ReadProcessMemory or WriteProcessMemory request was completed. (0x12B)
[0110/130003.299:ERROR:process_memory_win.cc(73)] ReadMemory at 0x1b1546d3de0 of 60 bytes failed: Only part of a ReadProcessMemory or WriteProcessMemory request was completed. (0x12B)
[0110/130003.299:ERROR:process_memory_win.cc(73)] ReadMemory at 0x1b1546d52e0 of 78 bytes failed: Only part of a ReadProcessMemory or WriteProcessMemory request was completed. (0x12B)
[0110/130003.299:ERROR:process_memory_win.cc(73)] ReadMemory at 0x1b1546d5b20 of 80 bytes failed: Only part of a ReadProcessMemory or WriteProcessMemory request was completed. (0x12B)
[0110/130003.299:ERROR:process_memory_win.cc(73)] ReadMemory at 0x1b1546e5980 of 58 bytes failed: Only part of a ReadProcessMemory or WriteProcessMemory request was completed. (0x12B)
[0110/130003.299:ERROR:process_memory_win.cc(73)] ReadMemory at 0x1b1546e5a70 of 62 bytes failed: Only part of a ReadProcessMemory or WriteProcessMemory request was completed. (0x12B)
[0110/130003.299:ERROR:process_memory_win.cc(73)] ReadMemory at 0x1b1546e5c50 of 60 bytes failed: Only part of a ReadProcessMemory or WriteProcessMemory request was completed. (0x12B)
[0110/130003.299:ERROR:process_memory_win.cc(73)] ReadMemory at 0x1b1546e5d90 of 60 bytes failed: Only part of a ReadProcessMemory or WriteProcessMemory request was completed. (0x12B)
[0110/130003.299:ERROR:process_memory_win.cc(73)] ReadMemory at 0x1b1546e5fc0 of 60 bytes failed: Only part of a ReadProcessMemory or WriteProcessMemory request was completed. (0x12B)
[0110/130003.299:ERROR:process_memory_win.cc(73)] ReadMemory at 0x1b1546e6010 of 56 bytes failed: Only part of a ReadProcessMemory or WriteProcessMemory request was completed. (0x12B)
[0110/130003.299:ERROR:process_memory_win.cc(73)] ReadMemory at 0x1b1546e6060 of 66 bytes failed: Only part of a ReadProcessMemory or WriteProcessMemory request was completed. (0x12B)
[0110/130003.299:ERROR:process_memory_win.cc(73)] ReadMemory at 0x1b1546e64c0 of 62 bytes failed: Only part of a ReadProcessMemory or WriteProcessMemory request was completed. (0x12B)
[0110/130003.299:ERROR:process_memory_win.cc(73)] ReadMemory at 0x1b1546e66a0 of 58 bytes failed: Only part of a ReadProcessMemory or WriteProcessMemory request was completed. (0x12B)
[0110/130003.299:ERROR:process_memory_win.cc(73)] ReadMemory at 0x1b1546f5860 of 62 bytes failed: Only part of a ReadProcessMemory or WriteProcessMemory request was completed. (0x12B)
[0110/130003.299:ERROR:process_memory_win.cc(73)] ReadMemory at 0x1b1547135c0 of 512 bytes failed: Only part of a ReadProcessMemory or WriteProcessMemory request was completed. (0x12B)
[0110/130003.299:ERROR:process_memory_win.cc(73)] ReadMemory at 0x1b1547149c0 of 768 bytes failed: Only part of a ReadProcessMemory or WriteProcessMemory request was completed. (0x12B)
[0110/130003.299:ERROR:process_memory_win.cc(73)] ReadMemory at 0x1b154725190 of 512 bytes failed: Only part of a ReadProcessMemory or WriteProcessMemory request was completed. (0x12B)
[0110/130003.299:ERROR:process_memory_win.cc(73)] ReadMemory at 0x1b1547290d0 of 512 bytes failed: Only part of a ReadProcessMemory or WriteProcessMemory request was completed. (0x12B)
[0110/130003.299:ERROR:process_memory_win.cc(73)] ReadMemory at 0x1b154735140 of 712 bytes failed: Only part of a ReadProcessMemory or WriteProcessMemory request was completed. (0x12B)
[0110/130003.299:ERROR:process_memory_win.cc(73)] ReadMemory at 0x1b1547516f0 of 512 bytes failed: Only part of a ReadProcessMemory or WriteProcessMemory request was completed. (0x12B)
[0110/130003.299:ERROR:process_memory_win.cc(73)] ReadMemory at 0x1b154753f50 of 512 bytes failed: Only part of a ReadProcessMemory or WriteProcessMemory request was completed. (0x12B)
[0110/130003.299:ERROR:process_memory_win.cc(73)] ReadMemory at 0x1b15475d400 of 512 bytes failed: Only part of a ReadProcessMemory or WriteProcessMemory request was completed. (0x12B)
[0110/130003.299:ERROR:process_memory_win.cc(73)] ReadMemory at 0x1b1547880b0 of 512 bytes failed: Only part of a ReadProcessMemory or WriteProcessMemory request was completed. (0x12B)
[0110/130003.299:ERROR:process_memory_win.cc(73)] ReadMemory at 0x1b154798470 of 512 bytes failed: Only part of a ReadProcessMemory or WriteProcessMemory request was completed. (0x12B)
[0110/130003.299:ERROR:process_memory_win.cc(73)] ReadMemory at 0x1b156376000 of 512 bytes failed: Only part of a ReadProcessMemory or WriteProcessMemory request was completed. (0x12B)
[0110/130003.299:ERROR:process_memory_win.cc(73)] ReadMemory at 0x1b156769e60 of 608 bytes failed: Only part of a ReadProcessMemory or WriteProcessMemory request was completed. (0x12B)
[0110/130003.299:ERROR:process_memory_win.cc(73)] ReadMemory at 0x1b1567c843c of 512 bytes failed: Only part of a ReadProcessMemory or WriteProcessMemory request was completed. (0x12B)
[0110/130003.299:ERROR:process_memory_win.cc(73)] ReadMemory at 0x7bfbd269fbe8 of 512 bytes failed: Only part of a ReadProcessMemory or WriteProcessMemory request was completed. (0x12B)
[0110/130003.299:ERROR:process_memory_win.cc(73)] ReadMemory at 0x7ff8e8aefa45 of 512 bytes failed: Only part of a ReadProcessMemory or WriteProcessMemory request was completed. (0x12B)
[0110/130003.299:ERROR:process_memory_win.cc(73)] ReadMemory at 0x7ff8ec804eb0 of 512 bytes failed: Only part of a ReadProcessMemory or WriteProcessMemory request was completed. (0x12B)
[0110/130003.299:ERROR:process_memory_win.cc(73)] ReadMemory at 0x7ff8ecdc33b0 of 512 bytes failed: Only part of a ReadProcessMemory or WriteProcessMemory request was completed. (0x12B)
[0110/130003.299:ERROR:process_memory_win.cc(73)] ReadMemory at 0x7ff8ed7b3438 of 512 bytes failed: Only part of a ReadProcessMemory or WriteProcessMemory request was completed. (0x12B)
[0110/130003.299:ERROR:process_memory_win.cc(73)] ReadMemory at 0x7ff92ad1e748 of 512 bytes failed: Only part of a ReadProcessMemory or WriteProcessMemory request was completed. (0x12B)
[0110/130003.299:ERROR:process_memory_win.cc(73)] ReadMemory at 0x7ff92c9e4a50 of 512 bytes failed: Only part of a ReadProcessMemory or WriteProcessMemory request was completed. (0x12B)
[0110/130003.299:ERROR:process_memory_win.cc(73)] ReadMemory at 0x7ff92ce4bfb4 of 672 bytes failed: Only part of a ReadProcessMemory or WriteProcessMemory request was completed. (0x12B)
[0110/130003.299:ERROR:process_memory_win.cc(73)] ReadMemory at 0x7ff92ce4c5b4 of 512 bytes failed: Only part of a ReadProcessMemory or WriteProcessMemory request was completed. (0x12B)
[0110/130003.299:ERROR:process_memory_win.cc(73)] ReadMemory at 0x7ff92ce4f924 of 608 bytes failed: Only part of a ReadProcessMemory or WriteProcessMemory request was completed. (0x12B)
[0110/130003.299:ERROR:process_memory_win.cc(73)] ReadMemory at 0x7ff92cee0a00 of 18 bytes failed: Only part of a ReadProcessMemory or WriteProcessMemory request was completed. (0x12B)
[0110/130003.299:ERROR:process_memory_win.cc(73)] ReadMemory at 0x7ff92cf154f8 of 40 bytes failed: Only part of a ReadProcessMemory or WriteProcessMemory request was completed. (0x12B)
[0110/130003.299:ERROR:process_memory_win.cc(73)] ReadMemory at 0x7ff92cf15978 of 48 bytes failed: Only part of a ReadProcessMemory or WriteProcessMemory request was completed. (0x12B)
[0110/130003.299:ERROR:process_memory_win.cc(73)] ReadMemory at 0x7ff92cf1b4c0 of 64 bytes failed: Only part of a ReadProcessMemory or WriteProcessMemory request was completed. (0x12B)
[0110/130003.307:ERROR:file_io_win.cc(162)] CreateFile C:\Users\gmzed\AppData\Local\Temp\scoped_dir8668_248142032\Crashpad\settings.dat: The system cannot find the file specified. (0x2)
[0110/130003.307:ERROR:scoped_process_suspend.cc(40)] NtResumeProcess: An attempt was made to access an exiting process. (0xc000010a)
[0113/160139.785:ERROR:directory_reader_win.cc(43)] FindFirstFile: The system cannot find the path specified. (0x3)
